<?xml version="1.0" encoding="UTF-8"?>
<!-- Generated by org.testng.reporters.JUnitReportReporter -->
<testsuite hostname="Ameet" failures="0" tests="16" name="testcases.RestAssured_TestCases_PL2" time="42.880" errors="0" timestamp="2024-11-25T10:47:44 IST" skipped="0">
  <testcase classname="testcases.RestAssured_TestCases_PL2" name="createAppointmentTest" time="18.583"/>
  <testcase classname="testcases.RestAssured_TestCases_PL2" name="cancelAppointmentTest" time="0.716"/>
  <testcase classname="testcases.RestAssured_TestCases_PL2" name="searchPatientTest" time="3.560"/>
  <testcase classname="testcases.RestAssured_TestCases_PL2" name="BookingListTest" time="3.908"/>
  <testcase classname="testcases.RestAssured_TestCases_PL2" name="MainStoreTest" time="2.144"/>
  <testcase classname="testcases.RestAssured_TestCases_PL2" name="PharmacyStoreTest" time="0.557"/>
  <testcase classname="testcases.RestAssured_TestCases_PL2" name="ActivatePharmacyCountTest" time="0.960"/>
  <testcase classname="testcases.RestAssured_TestCases_PL2" name="DeactivatePharmCountTest" time="0.953"/>
  <testcase classname="testcases.RestAssured_TestCases_PL2" name="AppointApplicDeptTest" time="0.897"/>
  <testcase classname="testcases.RestAssured_TestCases_PL2" name="AdmittedPatientsData" time="0.823"/>
  <testcase classname="testcases.RestAssured_TestCases_PL2" name="GetProfileDataByEmployeeId" time="2.594"/>
  <testcase classname="testcases.RestAssured_TestCases_PL2" name="addANewDepartment" time="1.618"/>
  <testcase classname="testcases.RestAssured_TestCases_PL2" name="GetDepartments" time="1.399"/>
  <testcase classname="testcases.RestAssured_TestCases_PL2" name="EditDepartment" time="1.348"/>
  <testcase classname="testcases.RestAssured_TestCases_PL2" name="GetImagingTypes" time="1.585"/>
  <testcase classname="testcases.RestAssured_TestCases_PL2" name="GetSignatoriesByDepartment" time="1.235"/>
</testsuite> <!-- testcases.RestAssured_TestCases_PL2 -->
